Traceback (most recent call last):
  File "/Users/udeshhabaraduwa/anaconda3/envs/pyenv/lib/python3.9/site-packages/jupyter_cache/executors/utils.py", line 58, in single_nb_execution
    executenb(
  File "/Users/udeshhabaraduwa/anaconda3/envs/pyenv/lib/python3.9/site-packages/nbclient/client.py", line 1314, in execute
    return NotebookClient(nb=nb, resources=resources, km=km, **kwargs).execute()
  File "/Users/udeshhabaraduwa/anaconda3/envs/pyenv/lib/python3.9/site-packages/jupyter_core/utils/__init__.py", line 166, in wrapped
    return loop.run_until_complete(inner)
  File "/Users/udeshhabaraduwa/anaconda3/envs/pyenv/lib/python3.9/asyncio/base_events.py", line 647, in run_until_complete
    return future.result()
  File "/Users/udeshhabaraduwa/anaconda3/envs/pyenv/lib/python3.9/site-packages/nbclient/client.py", line 709, in async_execute
    await self.async_execute_cell(
  File "/Users/udeshhabaraduwa/anaconda3/envs/pyenv/lib/python3.9/site-packages/nbclient/client.py", line 1062, in async_execute_cell
    await self._check_raise_for_error(cell, cell_index, exec_reply)
  File "/Users/udeshhabaraduwa/anaconda3/envs/pyenv/lib/python3.9/site-packages/nbclient/client.py", line 918, in _check_raise_for_error
    raise CellExecutionError.from_cell_and_msg(cell, exec_reply_content)
nbclient.exceptions.CellExecutionError: An error occurred while executing the following cell:
------------------
<div style="text-align: center;">
  <iframe width="560" height="315" src="https://www.youtube.com/embed/3icbG3geC60?si=FRmNHUS28Cz8F_PO" title="YouTube video player" frameborder="0" allow="accelerometer; autoplay; clipboard-write; encrypted-media; gyroscope; picture-in-picture" allowfullscreen></iframe>
</div>
------------------


ParseError:
[90m# Error @ [0;0m]8;;file:///Users/udeshhabaraduwa/Library/CloudStorage/GoogleDrive-u.habaraduwakandambige@tilburguniversity.edu/My Drive/Tilburg/Masters CSAI/Semester 3 /Internship/differential equations/ddse-in-julia/ddse/notebooks/In[1]#1:1\[90mIn[1]:1:1[0;0m]8;;\
[48;2;120;70;70m<[0;0mdiv style="text-align: center;">
[90m╙ ── [0;0m[91mnot a unary operator[0;0m

Stacktrace:
 [1] top-level scope
   @ In[1]:1

